<?xml version="1.0" encoding="UTF-8"?>
<testsuite xmlns:xsi="http://www.w3.org/2001/XMLSchema-instance" xsi:noNamespaceSchemaLocation="https://maven.apache.org/surefire/maven-surefire-plugin/xsd/surefire-test-report.xsd" version="3.0.2" name="com.guardias.GuardiasApplicationTests" time="45.172" tests="1" errors="0" skipped="0" failures="0">
  <properties>
[...]
</properties>
  <testcase name="contextLoads" classname="com.guardias.GuardiasApplicationTests" time="3.674">
    <system-out><![CDATA[16:59:31.625 [main] INFO org.springframework.test.context.support.AnnotationConfigContextLoaderUtils -- Could not detect default configuration classes for test class [com.guardias.GuardiasApplicationTests]: GuardiasApplicationTests does not declare any static, non-private, non-final, nested classes annotated with @Configuration.
16:59:32.719 [main] INFO org.springframework.boot.test.context.SpringBootTestContextBootstrapper -- Found @SpringBootConfiguration com.guardias.GuardiasApplication for test class com.guardias.GuardiasApplicationTests
16:59:34.005 [main] INFO org.springframework.boot.devtools.restart.RestartApplicationListener -- Restart disabled due to context in which it is running

  .   ____          _            __ _ _
 /\\ / ___'_ __ _ _(_)_ __  __ _ \ \ \ \
( ( )\___ | '_ | '_| | '_ \/ _` | \ \ \ \
 \\/  ___)| |_)| | | | | || (_| |  ) ) ) )
  '  |____| .__|_| |_|_| |_\__, | / / / /
 =========|_|==============|___/=/_/_/_/

 :: Spring Boot ::                (v3.4.1)

2025-04-20T16:59:36.352+02:00  INFO 14556 --- [guardias] [           main] com.guardias.GuardiasApplicationTests    : Starting GuardiasApplicationTests using Java 22.0.2 with PID 14556 (started by María in C:\Users\María\Desktop\ProyFinall)
2025-04-20T16:59:36.355+02:00  INFO 14556 --- [guardias] [           main] com.guardias.GuardiasApplicationTests    : No active profile set, falling back to 1 default profile: "default"
2025-04-20T16:59:41.325+02:00  INFO 14556 --- [guardias] [           main] .s.d.r.c.RepositoryConfigurationDelegate : Bootstrapping Spring Data JPA repositories in DEFAULT mode.
2025-04-20T16:59:41.706+02:00  INFO 14556 --- [guardias] [           main] .s.d.r.c.RepositoryConfigurationDelegate : Finished Spring Data repository scanning in 328 ms. Found 5 JPA repository interfaces.
2025-04-20T16:59:44.717+02:00  INFO 14556 --- [guardias] [           main] o.hibernate.jpa.internal.util.LogHelper  : HHH000204: Processing PersistenceUnitInfo [name: default]
2025-04-20T16:59:45.015+02:00  INFO 14556 --- [guardias] [           main] org.hibernate.Version                    : HHH000412: Hibernate ORM core version 6.6.4.Final
2025-04-20T16:59:45.168+02:00  INFO 14556 --- [guardias] [           main] o.h.c.internal.RegionFactoryInitiator    : HHH000026: Second-level cache disabled
2025-04-20T16:59:46.629+02:00  INFO 14556 --- [guardias] [           main] o.s.o.j.p.SpringPersistenceUnitInfo      : No LoadTimeWeaver setup: ignoring JPA class transformer
2025-04-20T16:59:46.795+02:00  INFO 14556 --- [guardias] [           main] com.zaxxer.hikari.HikariDataSource       : HikariPool-1 - Starting...
2025-04-20T16:59:47.771+02:00  INFO 14556 --- [guardias] [           main] com.zaxxer.hikari.pool.HikariPool        : HikariPool-1 - Added connection com.mysql.cj.jdbc.ConnectionImpl@2b6262bc
2025-04-20T16:59:47.777+02:00  INFO 14556 --- [guardias] [           main] com.zaxxer.hikari.HikariDataSource       : HikariPool-1 - Start completed.
2025-04-20T16:59:47.971+02:00  WARN 14556 --- [guardias] [           main] o.h.e.j.e.i.JdbcEnvironmentInitiator     : HHH000339: Could not obtain connection metadata: java.sql.SQLSyntaxErrorException: Unknown column 'RESERVED' in 'WHERE'
2025-04-20T16:59:48.047+02:00  WARN 14556 --- [guardias] [           main] org.hibernate.orm.deprecation            : HHH90000025: MySQL8Dialect does not need to be specified explicitly using 'hibernate.dialect' (remove the property setting and it will be selected by default)
2025-04-20T16:59:48.052+02:00  WARN 14556 --- [guardias] [           main] org.hibernate.orm.deprecation            : HHH90000026: MySQL8Dialect has been deprecated; use org.hibernate.dialect.MySQLDialect instead
2025-04-20T16:59:48.155+02:00  INFO 14556 --- [guardias] [           main] org.hibernate.orm.connections.pooling    : HHH10001005: Database info:
	Database JDBC URL [Connecting through datasource 'HikariDataSource (HikariPool-1)']
	Database driver: undefined/unknown
	Database version: 8.0
	Autocommit mode: undefined/unknown
	Isolation level: undefined/unknown
	Minimum pool size: undefined/unknown
	Maximum pool size: undefined/unknown
2025-04-20T16:59:56.794+02:00  INFO 14556 --- [guardias] [           main] o.h.e.t.j.p.i.JtaPlatformInitiator       : HHH000489: No JTA platform available (set 'hibernate.transaction.jta.platform' to enable JTA platform integration)
Hibernate: alter table anexo modify column comentario VARCHAR(200)
Hibernate: alter table anexo modify column justificante VARCHAR(2050)
Hibernate: alter table tramo modify column aula VARCHAR(50)
Hibernate: alter table tramo modify column curso VARCHAR(20)
Hibernate: alter table usuario modify column email VARCHAR(100) not null
Hibernate: alter table usuario modify column nombre_usuario VARCHAR(100) not null
Hibernate: alter table usuario modify column password VARCHAR(100) not null
2025-04-20T17:00:04.390+02:00  INFO 14556 --- [guardias] [           main] j.LocalContainerEntityManagerFactoryBean : Initialized JPA EntityManagerFactory for persistence unit 'default'
2025-04-20T17:00:07.769+02:00  WARN 14556 --- [guardias] [           main] JpaBaseConfiguration$JpaWebConfiguration : spring.jpa.open-in-view is enabled by default. Therefore, database queries may be performed during view rendering. Explicitly configure spring.jpa.open-in-view to disable this warning
2025-04-20T17:00:11.762+02:00  INFO 14556 --- [guardias] [           main] com.guardias.GuardiasApplicationTests    : Started GuardiasApplicationTests in 37.846 seconds (process running for 45.415)
]]></system-out>
    <system-err><![CDATA[Mockito is currently self-attaching to enable the inline-mock-maker. This will no longer work in future releases of the JDK. Please add Mockito as an agent to your build what is described in Mockito's documentation: https://javadoc.io/doc/org.mockito/mockito-core/latest/org/mockito/Mockito.html#0.3
WARNING: A Java agent has been loaded dynamically (C:\Users\María\.m2\repository\net\bytebuddy\byte-buddy-agent\1.15.11\byte-buddy-agent-1.15.11.jar)
WARNING: If a serviceability tool is in use, please run with -XX:+EnableDynamicAgentLoading to hide this warning
WARNING: If a serviceability tool is not in use, please run with -Djdk.instrument.traceUsage for more information
WARNING: Dynamic loading of agents will be disallowed by default in a future release
]]></system-err>
  </testcase>
</testsuite>